rustcc/tests/input/parser/invalid/no_semicolon.c:6:1: error: expected ';'
rustcc/tests/input/parser/invalid/no_semicolon.c:6:1: error: expected 'int' keyword
<invalid>: error: expected function name
<invalid>: error: expected '('
<invalid>: error: expected 'void' keyword for parameter list
<invalid>: error: expected ')'
<invalid>: error: expected '{'
<invalid>: error: expected 'return' keyword
