rustcc/tests/input/unary/invalid/nested_missing_const.c:6:14: error: expected expression
rustcc/tests/input/unary/invalid/nested_missing_const.c:6:10: error: expected expression instead reached end of file
rustcc/tests/input/unary/invalid/nested_missing_const.c:6:14: error: expected 'int' keyword
rustcc/tests/input/unary/invalid/nested_missing_const.c:7:1: error: expected function name
rustcc/tests/input/unary/invalid/nested_missing_const.c:7:1: error: expected '('
rustcc/tests/input/unary/invalid/nested_missing_const.c:7:1: error: expected 'void' keyword for parameter list
rustcc/tests/input/unary/invalid/nested_missing_const.c:7:1: error: expected ')'
rustcc/tests/input/unary/invalid/nested_missing_const.c:7:1: error: expected '{'
rustcc/tests/input/unary/invalid/nested_missing_const.c:7:1: error: expected 'return' keyword
rustcc/tests/input/unary/invalid/nested_missing_const.c:7:1: error: expected 'int' keyword
<invalid>: error: expected function name
<invalid>: error: expected '('
<invalid>: error: expected 'void' keyword for parameter list
<invalid>: error: expected ')'
<invalid>: error: expected '{'
<invalid>: error: expected 'return' keyword
