rustcc/tests/input/unary/invalid/wrong_order.c:5:13: error: expected ';'
rustcc/tests/input/unary/invalid/wrong_order.c:5:13: error: expected 'int' keyword
rustcc/tests/input/unary/invalid/wrong_order.c:5:14: error: expected function name
rustcc/tests/input/unary/invalid/wrong_order.c:5:14: error: expected '('
rustcc/tests/input/unary/invalid/wrong_order.c:5:14: error: expected 'void' keyword for parameter list
rustcc/tests/input/unary/invalid/wrong_order.c:5:14: error: expected ')'
rustcc/tests/input/unary/invalid/wrong_order.c:5:14: error: expected '{'
rustcc/tests/input/unary/invalid/wrong_order.c:5:14: error: expected 'return' keyword
rustcc/tests/input/unary/invalid/wrong_order.c:5:14: error: expected 'int' keyword
rustcc/tests/input/unary/invalid/wrong_order.c:6:1: error: expected function name
rustcc/tests/input/unary/invalid/wrong_order.c:6:1: error: expected '('
rustcc/tests/input/unary/invalid/wrong_order.c:6:1: error: expected 'void' keyword for parameter list
rustcc/tests/input/unary/invalid/wrong_order.c:6:1: error: expected ')'
rustcc/tests/input/unary/invalid/wrong_order.c:6:1: error: expected '{'
rustcc/tests/input/unary/invalid/wrong_order.c:6:1: error: expected 'return' keyword
rustcc/tests/input/unary/invalid/wrong_order.c:6:1: error: expected 'int' keyword
<invalid>: error: expected function name
<invalid>: error: expected '('
<invalid>: error: expected 'void' keyword for parameter list
<invalid>: error: expected ')'
<invalid>: error: expected '{'
<invalid>: error: expected 'return' keyword
