rustcc/tests/input/lexer/invalid/invalid_identifier.c:6:13: error: expected ';'
rustcc/tests/input/lexer/invalid/invalid_identifier.c:6:13: error: expected 'int' keyword
rustcc/tests/input/lexer/invalid/invalid_identifier.c:6:16: error: expected '('
rustcc/tests/input/lexer/invalid/invalid_identifier.c:6:16: error: expected 'void' keyword for parameter list
rustcc/tests/input/lexer/invalid/invalid_identifier.c:6:16: error: expected ')'
rustcc/tests/input/lexer/invalid/invalid_identifier.c:6:16: error: expected '{'
rustcc/tests/input/lexer/invalid/invalid_identifier.c:6:16: error: expected 'return' keyword
rustcc/tests/input/lexer/invalid/invalid_identifier.c:6:16: error: expected 'int' keyword
rustcc/tests/input/lexer/invalid/invalid_identifier.c:7:1: error: expected function name
rustcc/tests/input/lexer/invalid/invalid_identifier.c:7:1: error: expected '('
rustcc/tests/input/lexer/invalid/invalid_identifier.c:7:1: error: expected 'void' keyword for parameter list
rustcc/tests/input/lexer/invalid/invalid_identifier.c:7:1: error: expected ')'
rustcc/tests/input/lexer/invalid/invalid_identifier.c:7:1: error: expected '{'
rustcc/tests/input/lexer/invalid/invalid_identifier.c:7:1: error: expected 'return' keyword
rustcc/tests/input/lexer/invalid/invalid_identifier.c:7:1: error: expected 'int' keyword
<invalid>: error: expected function name
<invalid>: error: expected '('
<invalid>: error: expected 'void' keyword for parameter list
<invalid>: error: expected ')'
<invalid>: error: expected '{'
<invalid>: error: expected 'return' keyword
KeywordInt 5:1-5:3 - 'int'
Identifier("main") 5:5-5:8 - 'main'
LeftParenthesis 5:9 - '('
KeywordVoid 5:10-5:13 - 'void'
RightParenthesis 5:14 - ')'
LeftBrace 5:16 - '{'
KeywordReturn 6:5-6:10 - 'return'
IntegerLiteral(1) 6:12 - '1'
Identifier("foo") 6:13-6:15 - 'foo'
Semicolon 6:16 - ';'
RightBrace 7:1 - '}'
